Build started 10/12/2018 11:50:35.
     1>Project "D:\Documents\UTY\Semester III\Struktur Data prak\Vs Studio 2010\Queue With Linked List\Queue With Linked List\Queue With Linked List.vcxproj" on node 2 (build target(s)).
     1>InitializeBuildStatus:
         Creating "Debug\Queue With Linked List.unsuccessfulbuild" because "AlwaysCreate" was specified.
       ClCompile:
         c:\Program Files (x86)\Microsoft Visual Studio 10.0\VC\bin\CL.exe /c /ZI /nologo /W3 /WX- /Od /Oy- /D WIN32 /D _DEBUG /D _CONSOLE /D _UNICODE /D UNICODE /Gm /EHsc /RTC1 /MDd /GS /fp:precise /Zc:wchar_t /Zc:forScope /Fo"Debug\\" /Fd"Debug\vc100.pdb" /Gd /TP /analyze- /errorReport:prompt queue_linkedlist.cpp
         queue_linkedlist.cpp
       ManifestResourceCompile:
         All outputs are up-to-date.
       Link:
         c:\Program Files (x86)\Microsoft Visual Studio 10.0\VC\bin\link.exe /ERRORREPORT:PROMPT /OUT:"D:\Documents\UTY\Semester III\Struktur Data prak\Vs Studio 2010\Queue With Linked List\Debug\Queue With Linked List.exe" /INCREMENTAL /NOLOGO kernel32.lib user32.lib gdi32.lib winspool.lib comdlg32.lib advapi32.lib shell32.lib ole32.lib oleaut32.lib uuid.lib odbc32.lib odbccp32.lib /MANIFEST /ManifestFile:"Debug\Queue With Linked List.exe.intermediate.manifest" /MANIFESTUAC:"level='asInvoker' uiAccess='false'" /DEBUG /PDB:"D:\Documents\UTY\Semester III\Struktur Data prak\Vs Studio 2010\Queue With Linked List\Debug\Queue With Linked List.pdb" /SUBSYSTEM:CONSOLE /TLBID:1 /DYNAMICBASE /NXCOMPAT /IMPLIB:"D:\Documents\UTY\Semester III\Struktur Data prak\Vs Studio 2010\Queue With Linked List\Debug\Queue With Linked List.lib" /MACHINE:X86 "Debug\Queue With Linked List.exe.embed.manifest.res"
         Debug\queue_linkedlist.obj
       Manifest:
         c:\Program Files (x86)\Microsoft SDKs\Windows\v7.0A\bin\mt.exe /nologo /verbose /out:"Debug\Queue With Linked List.exe.embed.manifest" /manifest "Debug\Queue With Linked List.exe.intermediate.manifest"
         All outputs are up-to-date.
       LinkEmbedManifest:
         All outputs are up-to-date.
         Queue With Linked List.vcxproj -> D:\Documents\UTY\Semester III\Struktur Data prak\Vs Studio 2010\Queue With Linked List\Debug\Queue With Linked List.exe
       FinalizeBuildStatus:
         Deleting file "Debug\Queue With Linked List.unsuccessfulbuild".
         Touching "Debug\Queue With Linked List.lastbuildstate".
     1>Done Building Project "D:\Documents\UTY\Semester III\Struktur Data prak\Vs Studio 2010\Queue With Linked List\Queue With Linked List\Queue With Linked List.vcxproj" (build target(s)).

Build succeeded.

Time Elapsed 00:00:01.25
